\BOOKMARK [1][-]{section.1}{Preface to version 5}{}
\BOOKMARK [1][-]{section.2}{Introduction}{}
\BOOKMARK [1][-]{section.3}{Page geometry}{}
\BOOKMARK [1][-]{section.4}{User interface}{}
\BOOKMARK [2][-]{subsection.4.1}{Commands}{section.4}
\BOOKMARK [2][-]{subsection.4.2}{Optional argument}{section.4}
\BOOKMARK [2][-]{subsection.4.3}{Option types}{section.4}
\BOOKMARK [1][-]{section.5}{Option details}{}
\BOOKMARK [2][-]{subsection.5.1}{Paper size}{section.5}
\BOOKMARK [2][-]{subsection.5.2}{Layout size}{section.5}
\BOOKMARK [2][-]{subsection.5.3}{Body size}{section.5}
\BOOKMARK [2][-]{subsection.5.4}{Margin size}{section.5}
\BOOKMARK [2][-]{subsection.5.5}{Native dimensions}{section.5}
\BOOKMARK [2][-]{subsection.5.6}{Drivers}{section.5}
\BOOKMARK [2][-]{subsection.5.7}{Other options}{section.5}
\BOOKMARK [1][-]{section.6}{Processing options}{}
\BOOKMARK [2][-]{subsection.6.1}{Order of loading}{section.6}
\BOOKMARK [2][-]{subsection.6.2}{Order of options}{section.6}
\BOOKMARK [2][-]{subsection.6.3}{Priority}{section.6}
\BOOKMARK [2][-]{subsection.6.4}{Defaults}{section.6}
\BOOKMARK [2][-]{subsection.6.5}{Auto-completion}{section.6}
\BOOKMARK [1][-]{section.7}{Changing layout mid-document}{}
\BOOKMARK [1][-]{section.8}{Examples}{}
\BOOKMARK [1][-]{section.9}{Known problems}{}
\BOOKMARK [1][-]{section.10}{Acknowledgments}{}
\BOOKMARK [1][-]{section.11}{Implementation}{}
\BOOKMARK [1][-]{section.12}{Config file}{}
\BOOKMARK [1][-]{section.13}{Sample file}{}
